<?xml version="1.0" encoding="UTF-8"?>
<!-- Generated by org.testng.reporters.JUnitXMLReporter -->
<testsuite ignored="0" hostname="CSPLAP0713" failures="1" tests="2" name="AutomationTest" time="24.869" errors="0" timestamp="06 Sep 2021 05:47:51 GMT">
  <testcase classname="com.qa.amazon.tests.VerifyAmazonTest" name="verifyHomePageTitleTest" time="0.406"/>
  <testcase classname="com.qa.amazon.tests.VerifyAmazonTest" name="verifyPasswordErrorTest" time="8.569">
    <failure type="java.lang.AssertionError" message="expected [true] but found [false]">
      <![CDATA[java.lang.AssertionError: expected [true] but found [false]
at com.qa.amazon.tests.VerifyAmazonTest.verifyPasswordErrorTest(VerifyAmazonTest.java:57)
... Removed 29 stack frames]]>
    </failure>
  </testcase> <!-- verifyPasswordErrorTest -->
</testsuite> <!-- AutomationTest -->
