<?xml version="1.0" encoding="UTF-8"?>
<!-- Generated by org.testng.reporters.JUnitXMLReporter -->
<testsuite ignored="0" hostname="CSPLAP0713" failures="1" tests="2" name="Command line test" time="22.513" errors="0" timestamp="02 Sep 2021 06:33:41 GMT">
  <testcase classname="com.qa.amazon.tests.VerifyAmazonTest" name="verifyHomePageTitleTest" time="0.17"/>
  <testcase classname="com.qa.amazon.tests.VerifyAmazonTest" name="verifyPasswordErrorTest" time="10.557">
    <failure type="java.lang.AssertionError" message="expected [true] but found [false]">
      <![CDATA[java.lang.AssertionError: expected [true] but found [false]
at com.qa.amazon.tests.VerifyAmazonTest.verifyPasswordErrorTest(VerifyAmazonTest.java:57)
at com.qa.amazon.tests.TestRunner.main(TestRunner.java:19)
... Removed 26 stack frames]]>
    </failure>
  </testcase> <!-- verifyPasswordErrorTest -->
</testsuite> <!-- Command line test -->
